#-----------------------------------------------------------
# Vivado v2017.4 (64-bit)
# SW Build 2086221 on Fri Dec 15 20:55:39 MST 2017
# IP Build 2085800 on Fri Dec 15 22:25:07 MST 2017
# Start of session at: Wed Apr 19 14:10:07 2023
# Process ID: 1292
# Current directory: E:/Vlsi-pro/project_1
# Command line: vivado.exe -gui_launcher_event rodinguilauncherevent21848 E:\Vlsi-pro\project_1\project_1.xpr
# Log file: E:/Vlsi-pro/project_1/vivado.log
# Journal file: E:/Vlsi-pro/project_1\vivado.jou
#-----------------------------------------------------------
start_gui
open_project E:/Vlsi-pro/project_1/project_1.xpr
Scanning sources...
Finished scanning sources
INFO: [IP_Flow 19-234] Refreshing IP repositories
INFO: [IP_Flow 19-1704] No user IP repositories specified
INFO: [IP_Flow 19-2313] Loaded Vivado IP repository 'E:/Xilinx/Vivado/2017.4/data/ip'.
update_compile_order -fileset sources_1
exit
INFO: [Common 17-206] Exiting Vivado at Wed Apr 19 17:28:42 2023...
